Analysis & Synthesis report for calc_one_top
Wed Nov 23 16:53:09 2022
Quartus Prime Version 19.1.0 Build 670 09/22/2019 SJ Lite Edition


---------------------
; Table of Contents ;
---------------------
  1. Legal Notice
  2. Analysis & Synthesis Summary
  3. Analysis & Synthesis Settings
  4. Parallel Compilation
  5. Analysis & Synthesis Source Files Read
  6. Analysis & Synthesis Resource Usage Summary
  7. Analysis & Synthesis Resource Utilization by Entity
  8. State Machine - |calc_one_top|controller:controller_ins|controller_2:controller_2|state
  9. Registers Removed During Synthesis
 10. General Register Statistics
 11. Inverted Register Statistics
 12. Multiplexer Restructuring Statistics (Restructuring Performed)
 13. Parameter Settings for User Entity Instance: controller:controller_ins|seg_convert:segment_c
 14. Parameter Settings for User Entity Instance: controller:controller_ins|seg_convert:segment_e
 15. Parameter Settings for User Entity Instance: controller:controller_ins|seg_convert_2:segment_g
 16. Parameter Settings for User Entity Instance: controller:controller_ins|seg_convert:segment_h
 17. Parameter Settings for User Entity Instance: controller:controller_ins|controller_2:controller_2
 18. Parameter Settings for User Entity Instance: controller:controller_ins|dynamic_display:dynamic_display_A
 19. Parameter Settings for User Entity Instance: controller:controller_ins|dynamic_display:dynamic_display_B
 20. Port Connectivity Checks: "sub:sub_ins|halfadder:HA9"
 21. Port Connectivity Checks: "sub:sub_ins|halfadder:HA6"
 22. Port Connectivity Checks: "sub:sub_ins|halfadder:HA5"
 23. Port Connectivity Checks: "sub:sub_ins|halfadder:HA1"
 24. Port Connectivity Checks: "controller:controller_ins|dynamic_display:dynamic_display_B"
 25. Port Connectivity Checks: "controller:controller_ins|dynamic_display:dynamic_display_A"
 26. Port Connectivity Checks: "controller:controller_ins|devide:devide_bcd|halfadder:HA5"
 27. Port Connectivity Checks: "controller:controller_ins|devide:devide_bcd|halfadder:HA3"
 28. Post-Synthesis Netlist Statistics for Top Partition
 29. Elapsed Time Per Partition
 30. Analysis & Synthesis Messages



----------------
; Legal Notice ;
----------------
Copyright (C) 2019  Intel Corporation. All rights reserved.
Your use of Intel Corporation's design tools, logic functions 
and other software and tools, and any partner logic 
functions, and any output files from any of the foregoing 
(including device programming or simulation files), and any 
associated documentation or information are expressly subject 
to the terms and conditions of the Intel Program License 
Subscription Agreement, the Intel Quartus Prime License Agreement,
the Intel FPGA IP License Agreement, or other applicable license
agreement, including, without limitation, that your use is for
the sole purpose of programming logic devices manufactured by
Intel and sold by Intel or its authorized distributors.  Please
refer to the applicable agreement for further details, at
https://fpgasoftware.intel.com/eula.



+----------------------------------------------------------------------------------+
; Analysis & Synthesis Summary                                                     ;
+------------------------------------+---------------------------------------------+
; Analysis & Synthesis Status        ; Successful - Wed Nov 23 16:53:09 2022       ;
; Quartus Prime Version              ; 19.1.0 Build 670 09/22/2019 SJ Lite Edition ;
; Revision Name                      ; calc_one_top                                ;
; Top-level Entity Name              ; calc_one_top                                ;
; Family                             ; Cyclone IV E                                ;
; Total logic elements               ; 227                                         ;
;     Total combinational functions  ; 193                                         ;
;     Dedicated logic registers      ; 117                                         ;
; Total registers                    ; 117                                         ;
; Total pins                         ; 40                                          ;
; Total virtual pins                 ; 0                                           ;
; Total memory bits                  ; 0                                           ;
; Embedded Multiplier 9-bit elements ; 0                                           ;
; Total PLLs                         ; 0                                           ;
+------------------------------------+---------------------------------------------+


+------------------------------------------------------------------------------------------------------------+
; Analysis & Synthesis Settings                                                                              ;
+------------------------------------------------------------------+--------------------+--------------------+
; Option                                                           ; Setting            ; Default Value      ;
+------------------------------------------------------------------+--------------------+--------------------+
; Device                                                           ; EP4CE30F23I7       ;                    ;
; Top-level entity name                                            ; calc_one_top       ; calc_one_top       ;
; Family name                                                      ; Cyclone IV E       ; Cyclone V          ;
; Use smart compilation                                            ; Off                ; Off                ;
; Enable parallel Assembler and Timing Analyzer during compilation ; On                 ; On                 ;
; Enable compact report table                                      ; Off                ; Off                ;
; Restructure Multiplexers                                         ; Auto               ; Auto               ;
; Create Debugging Nodes for IP Cores                              ; Off                ; Off                ;
; Preserve fewer node names                                        ; On                 ; On                 ;
; Intel FPGA IP Evaluation Mode                                    ; Enable             ; Enable             ;
; Verilog Version                                                  ; Verilog_2001       ; Verilog_2001       ;
; VHDL Version                                                     ; VHDL_1993          ; VHDL_1993          ;
; State Machine Processing                                         ; Auto               ; Auto               ;
; Safe State Machine                                               ; Off                ; Off                ;
; Extract Verilog State Machines                                   ; On                 ; On                 ;
; Extract VHDL State Machines                                      ; On                 ; On                 ;
; Ignore Verilog initial constructs                                ; Off                ; Off                ;
; Iteration limit for constant Verilog loops                       ; 5000               ; 5000               ;
; Iteration limit for non-constant Verilog loops                   ; 250                ; 250                ;
; Add Pass-Through Logic to Inferred RAMs                          ; On                 ; On                 ;
; Infer RAMs from Raw Logic                                        ; On                 ; On                 ;
; Parallel Synthesis                                               ; On                 ; On                 ;
; DSP Block Balancing                                              ; Auto               ; Auto               ;
; NOT Gate Push-Back                                               ; On                 ; On                 ;
; Power-Up Don't Care                                              ; On                 ; On                 ;
; Remove Redundant Logic Cells                                     ; Off                ; Off                ;
; Remove Duplicate Registers                                       ; On                 ; On                 ;
; Ignore CARRY Buffers                                             ; Off                ; Off                ;
; Ignore CASCADE Buffers                                           ; Off                ; Off                ;
; Ignore GLOBAL Buffers                                            ; Off                ; Off                ;
; Ignore ROW GLOBAL Buffers                                        ; Off                ; Off                ;
; Ignore LCELL Buffers                                             ; Off                ; Off                ;
; Ignore SOFT Buffers                                              ; On                 ; On                 ;
; Limit AHDL Integers to 32 Bits                                   ; Off                ; Off                ;
; Optimization Technique                                           ; Balanced           ; Balanced           ;
; Carry Chain Length                                               ; 70                 ; 70                 ;
; Auto Carry Chains                                                ; On                 ; On                 ;
; Auto Open-Drain Pins                                             ; On                 ; On                 ;
; Perform WYSIWYG Primitive Resynthesis                            ; Off                ; Off                ;
; Auto ROM Replacement                                             ; On                 ; On                 ;
; Auto RAM Replacement                                             ; On                 ; On                 ;
; Auto DSP Block Replacement                                       ; On                 ; On                 ;
; Auto Shift Register Replacement                                  ; Auto               ; Auto               ;
; Allow Shift Register Merging across Hierarchies                  ; Auto               ; Auto               ;
; Auto Clock Enable Replacement                                    ; On                 ; On                 ;
; Strict RAM Replacement                                           ; Off                ; Off                ;
; Allow Synchronous Control Signals                                ; On                 ; On                 ;
; Force Use of Synchronous Clear Signals                           ; Off                ; Off                ;
; Auto RAM Block Balancing                                         ; On                 ; On                 ;
; Auto RAM to Logic Cell Conversion                                ; Off                ; Off                ;
; Auto Resource Sharing                                            ; Off                ; Off                ;
; Allow Any RAM Size For Recognition                               ; Off                ; Off                ;
; Allow Any ROM Size For Recognition                               ; Off                ; Off                ;
; Allow Any Shift Register Size For Recognition                    ; Off                ; Off                ;
; Use LogicLock Constraints during Resource Balancing              ; On                 ; On                 ;
; Ignore translate_off and synthesis_off directives                ; Off                ; Off                ;
; Timing-Driven Synthesis                                          ; On                 ; On                 ;
; Report Parameter Settings                                        ; On                 ; On                 ;
; Report Source Assignments                                        ; On                 ; On                 ;
; Report Connectivity Checks                                       ; On                 ; On                 ;
; Ignore Maximum Fan-Out Assignments                               ; Off                ; Off                ;
; Synchronization Register Chain Length                            ; 2                  ; 2                  ;
; Power Optimization During Synthesis                              ; Normal compilation ; Normal compilation ;
; HDL message level                                                ; Level2             ; Level2             ;
; Suppress Register Optimization Related Messages                  ; Off                ; Off                ;
; Number of Removed Registers Reported in Synthesis Report         ; 5000               ; 5000               ;
; Number of Swept Nodes Reported in Synthesis Report               ; 5000               ; 5000               ;
; Number of Inverted Registers Reported in Synthesis Report        ; 100                ; 100                ;
; Clock MUX Protection                                             ; On                 ; On                 ;
; Auto Gated Clock Conversion                                      ; Off                ; Off                ;
; Block Design Naming                                              ; Auto               ; Auto               ;
; SDC constraint protection                                        ; Off                ; Off                ;
; Synthesis Effort                                                 ; Auto               ; Auto               ;
; Shift Register Replacement - Allow Asynchronous Clear Signal     ; On                 ; On                 ;
; Pre-Mapping Resynthesis Optimization                             ; Off                ; Off                ;
; Analysis & Synthesis Message Level                               ; Medium             ; Medium             ;
; Disable Register Merging Across Hierarchies                      ; Auto               ; Auto               ;
; Resource Aware Inference For Block RAM                           ; On                 ; On                 ;
+------------------------------------------------------------------+--------------------+--------------------+


+------------------------------------------+
; Parallel Compilation                     ;
+----------------------------+-------------+
; Processors                 ; Number      ;
+----------------------------+-------------+
; Number detected on machine ; 12          ;
; Maximum allowed            ; 6           ;
;                            ;             ;
; Average used               ; 1.00        ;
; Maximum used               ; 6           ;
;                            ;             ;
; Usage by Processor         ; % Time Used ;
;     Processor 1            ; 100.0%      ;
;     Processors 2-6         ;   0.0%      ;
+----------------------------+-------------+


+--------------------------------------------------------------------------------------------------------------------------------------+
; Analysis & Synthesis Source Files Read                                                                                               ;
+----------------------------------+-----------------+------------------------+----------------------------------------------+---------+
; File Name with User-Entered Path ; Used in Netlist ; File Type              ; File Name with Absolute Path                 ; Library ;
+----------------------------------+-----------------+------------------------+----------------------------------------------+---------+
; ../src/calc/sub.v                ; yes             ; User Verilog HDL File  ; E:/jikken-root/work/src/calc/sub.v           ;         ;
; ../src/calc/halfadder.v          ; yes             ; User Verilog HDL File  ; E:/jikken-root/work/src/calc/halfadder.v     ;         ;
; ../src/calc/fulladder.v          ; yes             ; User Verilog HDL File  ; E:/jikken-root/work/src/calc/fulladder.v     ;         ;
; ../src/calc/controller_q2.v      ; yes             ; User Verilog HDL File  ; E:/jikken-root/work/src/calc/controller_q2.v ;         ;
; ../src/calc/calc_one_top.v       ; yes             ; User Verilog HDL File  ; E:/jikken-root/work/src/calc/calc_one_top.v  ;         ;
; ../src/calc/add.v                ; yes             ; User Verilog HDL File  ; E:/jikken-root/work/src/calc/add.v           ;         ;
+----------------------------------+-----------------+------------------------+----------------------------------------------+---------+


+---------------------------------------------------------+
; Analysis & Synthesis Resource Usage Summary             ;
+---------------------------------------------+-----------+
; Resource                                    ; Usage     ;
+---------------------------------------------+-----------+
; Estimated Total logic elements              ; 227       ;
;                                             ;           ;
; Total combinational functions               ; 193       ;
; Logic element usage by number of LUT inputs ;           ;
;     -- 4 input functions                    ; 92        ;
;     -- 3 input functions                    ; 18        ;
;     -- <=2 input functions                  ; 83        ;
;                                             ;           ;
; Logic elements by mode                      ;           ;
;     -- normal mode                          ; 166       ;
;     -- arithmetic mode                      ; 27        ;
;                                             ;           ;
; Total registers                             ; 117       ;
;     -- Dedicated logic registers            ; 117       ;
;     -- I/O registers                        ; 0         ;
;                                             ;           ;
; I/O pins                                    ; 40        ;
;                                             ;           ;
; Embedded Multiplier 9-bit elements          ; 0         ;
;                                             ;           ;
; Maximum fan-out node                        ; CLK~input ;
; Maximum fan-out                             ; 117       ;
; Total fan-out                               ; 1047      ;
; Average fan-out                             ; 2.68      ;
+---------------------------------------------+-----------+


+-----------------------------------------------------------------------------------------------------------------------------------------------------------------------------------------------------------------------------------------------------------------------------------+
; Analysis & Synthesis Resource Utilization by Entity                                                                                                                                                                                                                               ;
+-------------------------------------------+---------------------+---------------------------+-------------+--------------+---------+-----------+------+--------------+---------------------------------------------------------------------------+-----------------+--------------+
; Compilation Hierarchy Node                ; Combinational ALUTs ; Dedicated Logic Registers ; Memory Bits ; DSP Elements ; DSP 9x9 ; DSP 18x18 ; Pins ; Virtual Pins ; Full Hierarchy Name                                                       ; Entity Name     ; Library Name ;
+-------------------------------------------+---------------------+---------------------------+-------------+--------------+---------+-----------+------+--------------+---------------------------------------------------------------------------+-----------------+--------------+
; |calc_one_top                             ; 193 (0)             ; 117 (0)                   ; 0           ; 0            ; 0       ; 0         ; 40   ; 0            ; |calc_one_top                                                             ; calc_one_top    ; work         ;
;    |add:add_ins|                          ; 3 (0)               ; 0 (0)                     ; 0           ; 0            ; 0       ; 0         ; 0    ; 0            ; |calc_one_top|add:add_ins                                                 ; add             ; work         ;
;       |fulladder:FA1|                     ; 2 (1)               ; 0 (0)                     ; 0           ; 0            ; 0       ; 0         ; 0    ; 0            ; |calc_one_top|add:add_ins|fulladder:FA1                                   ; fulladder       ; work         ;
;          |halfadder:HA2|                  ; 1 (1)               ; 0 (0)                     ; 0           ; 0            ; 0       ; 0         ; 0    ; 0            ; |calc_one_top|add:add_ins|fulladder:FA1|halfadder:HA2                     ; halfadder       ; work         ;
;       |fulladder:FA2|                     ; 1 (1)               ; 0 (0)                     ; 0           ; 0            ; 0       ; 0         ; 0    ; 0            ; |calc_one_top|add:add_ins|fulladder:FA2                                   ; fulladder       ; work         ;
;    |controller:controller_ins|            ; 184 (10)            ; 117 (0)                   ; 0           ; 0            ; 0       ; 0         ; 0    ; 0            ; |calc_one_top|controller:controller_ins                                   ; controller      ; work         ;
;       |controller_2:controller_2|         ; 26 (26)             ; 12 (12)                   ; 0           ; 0            ; 0       ; 0         ; 0    ; 0            ; |calc_one_top|controller:controller_ins|controller_2:controller_2         ; controller_2    ; work         ;
;       |decord:decord|                     ; 16 (16)             ; 0 (0)                     ; 0           ; 0            ; 0       ; 0         ; 0    ; 0            ; |calc_one_top|controller:controller_ins|decord:decord                     ; decord          ; work         ;
;       |devide:devide_bcd|                 ; 10 (9)              ; 6 (6)                     ; 0           ; 0            ; 0       ; 0         ; 0    ; 0            ; |calc_one_top|controller:controller_ins|devide:devide_bcd                 ; devide          ; work         ;
;          |halfadder:HA1|                  ; 1 (1)               ; 0 (0)                     ; 0           ; 0            ; 0       ; 0         ; 0    ; 0            ; |calc_one_top|controller:controller_ins|devide:devide_bcd|halfadder:HA1   ; halfadder       ; work         ;
;       |dynamic_display:dynamic_display_A| ; 49 (49)             ; 41 (41)                   ; 0           ; 0            ; 0       ; 0         ; 0    ; 0            ; |calc_one_top|controller:controller_ins|dynamic_display:dynamic_display_A ; dynamic_display ; work         ;
;       |dynamic_display:dynamic_display_B| ; 15 (15)             ; 8 (8)                     ; 0           ; 0            ; 0       ; 0         ; 0    ; 0            ; |calc_one_top|controller:controller_ins|dynamic_display:dynamic_display_B ; dynamic_display ; work         ;
;       |register:register_a|               ; 0 (0)               ; 4 (4)                     ; 0           ; 0            ; 0       ; 0         ; 0    ; 0            ; |calc_one_top|controller:controller_ins|register:register_a               ; register        ; work         ;
;       |register:register_b|               ; 0 (0)               ; 4 (4)                     ; 0           ; 0            ; 0       ; 0         ; 0    ; 0            ; |calc_one_top|controller:controller_ins|register:register_b               ; register        ; work         ;
;       |seg_convert:segment_c|             ; 8 (8)               ; 0 (0)                     ; 0           ; 0            ; 0       ; 0         ; 0    ; 0            ; |calc_one_top|controller:controller_ins|seg_convert:segment_c             ; seg_convert     ; work         ;
;       |seg_convert:segment_e|             ; 15 (15)             ; 0 (0)                     ; 0           ; 0            ; 0       ; 0         ; 0    ; 0            ; |calc_one_top|controller:controller_ins|seg_convert:segment_e             ; seg_convert     ; work         ;
;       |seg_convert:segment_h|             ; 15 (15)             ; 0 (0)                     ; 0           ; 0            ; 0       ; 0         ; 0    ; 0            ; |calc_one_top|controller:controller_ins|seg_convert:segment_h             ; seg_convert     ; work         ;
;       |syncro:syncro|                     ; 20 (20)             ; 42 (42)                   ; 0           ; 0            ; 0       ; 0         ; 0    ; 0            ; |calc_one_top|controller:controller_ins|syncro:syncro                     ; syncro          ; work         ;
;    |sub:sub_ins|                          ; 6 (0)               ; 0 (0)                     ; 0           ; 0            ; 0       ; 0         ; 0    ; 0            ; |calc_one_top|sub:sub_ins                                                 ; sub             ; work         ;
;       |fulladder:FA1|                     ; 1 (1)               ; 0 (0)                     ; 0           ; 0            ; 0       ; 0         ; 0    ; 0            ; |calc_one_top|sub:sub_ins|fulladder:FA1                                   ; fulladder       ; work         ;
;       |fulladder:FA2|                     ; 2 (1)               ; 0 (0)                     ; 0           ; 0            ; 0       ; 0         ; 0    ; 0            ; |calc_one_top|sub:sub_ins|fulladder:FA2                                   ; fulladder       ; work         ;
;          |halfadder:HA2|                  ; 1 (1)               ; 0 (0)                     ; 0           ; 0            ; 0       ; 0         ; 0    ; 0            ; |calc_one_top|sub:sub_ins|fulladder:FA2|halfadder:HA2                     ; halfadder       ; work         ;
;       |fulladder:FA3|                     ; 1 (1)               ; 0 (0)                     ; 0           ; 0            ; 0       ; 0         ; 0    ; 0            ; |calc_one_top|sub:sub_ins|fulladder:FA3                                   ; fulladder       ; work         ;
;       |halfadder:HA2|                     ; 1 (1)               ; 0 (0)                     ; 0           ; 0            ; 0       ; 0         ; 0    ; 0            ; |calc_one_top|sub:sub_ins|halfadder:HA2                                   ; halfadder       ; work         ;
;       |halfadder:HA3|                     ; 1 (1)               ; 0 (0)                     ; 0           ; 0            ; 0       ; 0         ; 0    ; 0            ; |calc_one_top|sub:sub_ins|halfadder:HA3                                   ; halfadder       ; work         ;
+-------------------------------------------+---------------------+---------------------------+-------------+--------------+---------+-----------+------+--------------+---------------------------------------------------------------------------+-----------------+--------------+
Note: For table entries with two numbers listed, the numbers in parentheses indicate the number of resources of the given type used by the specific entity alone. The numbers listed outside of parentheses indicate the total resources of the given type used by the specific entity and all of its sub-entities in the hierarchy.


Encoding Type:  One-Hot
+--------------------------------------------------------------------------------------------------------------------------------------------------------------+
; State Machine - |calc_one_top|controller:controller_ins|controller_2:controller_2|state                                                                      ;
+--------------------+--------------------+--------------------+---------------+---------------+---------------+---------------+----------------+--------------+
; Name               ; state.P_SUB_FINISH ; state.P_SUM_FINISH ; state.P_SUB_2 ; state.P_SUB_1 ; state.P_SUM_2 ; state.P_SUM_1 ; state.P_STEP_1 ; state.P_IDLE ;
+--------------------+--------------------+--------------------+---------------+---------------+---------------+---------------+----------------+--------------+
; state.P_IDLE       ; 0                  ; 0                  ; 0             ; 0             ; 0             ; 0             ; 0              ; 0            ;
; state.P_STEP_1     ; 0                  ; 0                  ; 0             ; 0             ; 0             ; 0             ; 1              ; 1            ;
; state.P_SUM_1      ; 0                  ; 0                  ; 0             ; 0             ; 0             ; 1             ; 0              ; 1            ;
; state.P_SUM_2      ; 0                  ; 0                  ; 0             ; 0             ; 1             ; 0             ; 0              ; 1            ;
; state.P_SUB_1      ; 0                  ; 0                  ; 0             ; 1             ; 0             ; 0             ; 0              ; 1            ;
; state.P_SUB_2      ; 0                  ; 0                  ; 1             ; 0             ; 0             ; 0             ; 0              ; 1            ;
; state.P_SUM_FINISH ; 0                  ; 1                  ; 0             ; 0             ; 0             ; 0             ; 0              ; 1            ;
; state.P_SUB_FINISH ; 1                  ; 0                  ; 0             ; 0             ; 0             ; 0             ; 0              ; 1            ;
+--------------------+--------------------+--------------------+---------------+---------------+---------------+---------------+----------------+--------------+


+-------------------------------------------------------------------------------------------------------------------------------------------------------------------+
; Registers Removed During Synthesis                                                                                                                                ;
+---------------------------------------------------------------------------+---------------------------------------------------------------------------------------+
; Register name                                                             ; Reason for Removal                                                                    ;
+---------------------------------------------------------------------------+---------------------------------------------------------------------------------------+
; controller:controller_ins|devide:devide_bcd|DATA_OUT_1[1,2]               ; Merged with controller:controller_ins|devide:devide_bcd|DATA_OUT_1[3]                 ;
; controller:controller_ins|dynamic_display:dynamic_display_B|GATE[0]       ; Merged with controller:controller_ins|dynamic_display:dynamic_display_A|GATE[0]       ;
; controller:controller_ins|dynamic_display:dynamic_display_B|GATE[1]       ; Merged with controller:controller_ins|dynamic_display:dynamic_display_A|GATE[1]       ;
; controller:controller_ins|dynamic_display:dynamic_display_B|GATE[2]       ; Merged with controller:controller_ins|dynamic_display:dynamic_display_A|GATE[2]       ;
; controller:controller_ins|dynamic_display:dynamic_display_B|GATE[3]       ; Merged with controller:controller_ins|dynamic_display:dynamic_display_A|GATE[3]       ;
; controller:controller_ins|dynamic_display:dynamic_display_B|SEC_SIG       ; Merged with controller:controller_ins|dynamic_display:dynamic_display_A|SEC_SIG       ;
; controller:controller_ins|dynamic_display:dynamic_display_B|SEC_COUNT[27] ; Merged with controller:controller_ins|dynamic_display:dynamic_display_A|SEC_COUNT[27] ;
; controller:controller_ins|dynamic_display:dynamic_display_B|SEC_COUNT[26] ; Merged with controller:controller_ins|dynamic_display:dynamic_display_A|SEC_COUNT[26] ;
; controller:controller_ins|dynamic_display:dynamic_display_B|SEC_COUNT[25] ; Merged with controller:controller_ins|dynamic_display:dynamic_display_A|SEC_COUNT[25] ;
; controller:controller_ins|dynamic_display:dynamic_display_B|SEC_COUNT[24] ; Merged with controller:controller_ins|dynamic_display:dynamic_display_A|SEC_COUNT[24] ;
; controller:controller_ins|dynamic_display:dynamic_display_B|SEC_COUNT[23] ; Merged with controller:controller_ins|dynamic_display:dynamic_display_A|SEC_COUNT[23] ;
; controller:controller_ins|dynamic_display:dynamic_display_B|SEC_COUNT[22] ; Merged with controller:controller_ins|dynamic_display:dynamic_display_A|SEC_COUNT[22] ;
; controller:controller_ins|dynamic_display:dynamic_display_B|SEC_COUNT[21] ; Merged with controller:controller_ins|dynamic_display:dynamic_display_A|SEC_COUNT[21] ;
; controller:controller_ins|dynamic_display:dynamic_display_B|SEC_COUNT[20] ; Merged with controller:controller_ins|dynamic_display:dynamic_display_A|SEC_COUNT[20] ;
; controller:controller_ins|dynamic_display:dynamic_display_B|SEC_COUNT[19] ; Merged with controller:controller_ins|dynamic_display:dynamic_display_A|SEC_COUNT[19] ;
; controller:controller_ins|dynamic_display:dynamic_display_B|SEC_COUNT[18] ; Merged with controller:controller_ins|dynamic_display:dynamic_display_A|SEC_COUNT[18] ;
; controller:controller_ins|dynamic_display:dynamic_display_B|SEC_COUNT[17] ; Merged with controller:controller_ins|dynamic_display:dynamic_display_A|SEC_COUNT[17] ;
; controller:controller_ins|dynamic_display:dynamic_display_B|SEC_COUNT[16] ; Merged with controller:controller_ins|dynamic_display:dynamic_display_A|SEC_COUNT[16] ;
; controller:controller_ins|dynamic_display:dynamic_display_B|SEC_COUNT[15] ; Merged with controller:controller_ins|dynamic_display:dynamic_display_A|SEC_COUNT[15] ;
; controller:controller_ins|dynamic_display:dynamic_display_B|SEC_COUNT[14] ; Merged with controller:controller_ins|dynamic_display:dynamic_display_A|SEC_COUNT[14] ;
; controller:controller_ins|dynamic_display:dynamic_display_B|SEC_COUNT[13] ; Merged with controller:controller_ins|dynamic_display:dynamic_display_A|SEC_COUNT[13] ;
; controller:controller_ins|dynamic_display:dynamic_display_B|SEC_COUNT[12] ; Merged with controller:controller_ins|dynamic_display:dynamic_display_A|SEC_COUNT[12] ;
; controller:controller_ins|dynamic_display:dynamic_display_B|SEC_COUNT[11] ; Merged with controller:controller_ins|dynamic_display:dynamic_display_A|SEC_COUNT[11] ;
; controller:controller_ins|dynamic_display:dynamic_display_B|SEC_COUNT[10] ; Merged with controller:controller_ins|dynamic_display:dynamic_display_A|SEC_COUNT[10] ;
; controller:controller_ins|dynamic_display:dynamic_display_B|SEC_COUNT[9]  ; Merged with controller:controller_ins|dynamic_display:dynamic_display_A|SEC_COUNT[9]  ;
; controller:controller_ins|dynamic_display:dynamic_display_B|SEC_COUNT[8]  ; Merged with controller:controller_ins|dynamic_display:dynamic_display_A|SEC_COUNT[8]  ;
; controller:controller_ins|dynamic_display:dynamic_display_B|SEC_COUNT[7]  ; Merged with controller:controller_ins|dynamic_display:dynamic_display_A|SEC_COUNT[7]  ;
; controller:controller_ins|dynamic_display:dynamic_display_B|SEC_COUNT[6]  ; Merged with controller:controller_ins|dynamic_display:dynamic_display_A|SEC_COUNT[6]  ;
; controller:controller_ins|dynamic_display:dynamic_display_B|SEC_COUNT[5]  ; Merged with controller:controller_ins|dynamic_display:dynamic_display_A|SEC_COUNT[5]  ;
; controller:controller_ins|dynamic_display:dynamic_display_B|SEC_COUNT[4]  ; Merged with controller:controller_ins|dynamic_display:dynamic_display_A|SEC_COUNT[4]  ;
; controller:controller_ins|dynamic_display:dynamic_display_B|SEC_COUNT[3]  ; Merged with controller:controller_ins|dynamic_display:dynamic_display_A|SEC_COUNT[3]  ;
; controller:controller_ins|dynamic_display:dynamic_display_B|SEC_COUNT[2]  ; Merged with controller:controller_ins|dynamic_display:dynamic_display_A|SEC_COUNT[2]  ;
; controller:controller_ins|dynamic_display:dynamic_display_B|SEC_COUNT[1]  ; Merged with controller:controller_ins|dynamic_display:dynamic_display_A|SEC_COUNT[1]  ;
; controller:controller_ins|dynamic_display:dynamic_display_B|SEC_COUNT[0]  ; Merged with controller:controller_ins|dynamic_display:dynamic_display_A|SEC_COUNT[0]  ;
; controller:controller_ins|controller_2:controller_2|state~4               ; Lost fanout                                                                           ;
; controller:controller_ins|controller_2:controller_2|state~5               ; Lost fanout                                                                           ;
; controller:controller_ins|controller_2:controller_2|state~6               ; Lost fanout                                                                           ;
; controller:controller_ins|controller_2:controller_2|state.P_IDLE          ; Merged with controller:controller_ins|controller_2:controller_2|SEG_A_ENA             ;
; Total Number of Removed Registers = 39                                    ;                                                                                       ;
+---------------------------------------------------------------------------+---------------------------------------------------------------------------------------+


+------------------------------------------------------+
; General Register Statistics                          ;
+----------------------------------------------+-------+
; Statistic                                    ; Value ;
+----------------------------------------------+-------+
; Total registers                              ; 117   ;
; Number of registers using Synchronous Clear  ; 35    ;
; Number of registers using Synchronous Load   ; 7     ;
; Number of registers using Asynchronous Clear ; 117   ;
; Number of registers using Asynchronous Load  ; 0     ;
; Number of registers using Clock Enable       ; 12    ;
; Number of registers using Preset             ; 0     ;
+----------------------------------------------+-------+


+-------------------------------------------------------------------------------+
; Inverted Register Statistics                                                  ;
+---------------------------------------------------------------------+---------+
; Inverted Register                                                   ; Fan out ;
+---------------------------------------------------------------------+---------+
; controller:controller_ins|dynamic_display:dynamic_display_A|GATE[0] ; 14      ;
; Total number of inverted registers = 1                              ;         ;
+---------------------------------------------------------------------+---------+


+----------------------------------------------------------------------------------------------------------------------------------------------------------------------------------------------------+
; Multiplexer Restructuring Statistics (Restructuring Performed)                                                                                                                                     ;
+--------------------+-----------+---------------+----------------------+------------------------+------------+--------------------------------------------------------------------------------------+
; Multiplexer Inputs ; Bus Width ; Baseline Area ; Area if Restructured ; Saving if Restructured ; Registered ; Example Multiplexer Output                                                           ;
+--------------------+-----------+---------------+----------------------+------------------------+------------+--------------------------------------------------------------------------------------+
; 5:1                ; 2 bits    ; 6 LEs         ; 4 LEs                ; 2 LEs                  ; Yes        ; |calc_one_top|controller:controller_ins|controller_2:controller_2|SEG_B_ENA          ;
; 6:1                ; 7 bits    ; 28 LEs        ; 14 LEs               ; 14 LEs                 ; Yes        ; |calc_one_top|controller:controller_ins|dynamic_display:dynamic_display_B|SEG_OUT[0] ;
; 3:1                ; 2 bits    ; 4 LEs         ; 2 LEs                ; 2 LEs                  ; No         ; |calc_one_top|controller:controller_ins|dynamic_display:dynamic_display_B|Mux7       ;
; 7:1                ; 2 bits    ; 8 LEs         ; 4 LEs                ; 4 LEs                  ; No         ; |calc_one_top|controller:controller_ins|decord:decord|DEC_DATA[2]                    ;
+--------------------+-----------+---------------+----------------------+------------------------+------------+--------------------------------------------------------------------------------------+


+----------------------------------------------------------------------------------------------+
; Parameter Settings for User Entity Instance: controller:controller_ins|seg_convert:segment_c ;
+----------------+----------+------------------------------------------------------------------+
; Parameter Name ; Value    ; Type                                                             ;
+----------------+----------+------------------------------------------------------------------+
; P_SEG_OUT_0    ; 11111100 ; Unsigned Binary                                                  ;
; P_SEG_OUT_1    ; 01100000 ; Unsigned Binary                                                  ;
; P_SEG_OUT_2    ; 11011010 ; Unsigned Binary                                                  ;
; P_SEG_OUT_3    ; 11110010 ; Unsigned Binary                                                  ;
; P_SEG_OUT_4    ; 01100110 ; Unsigned Binary                                                  ;
; P_SEG_OUT_5    ; 10110110 ; Unsigned Binary                                                  ;
; P_SEG_OUT_6    ; 10111110 ; Unsigned Binary                                                  ;
; P_SEG_OUT_7    ; 11100000 ; Unsigned Binary                                                  ;
; P_SEG_OUT_8    ; 11111110 ; Unsigned Binary                                                  ;
; P_SEG_OUT_9    ; 11110110 ; Unsigned Binary                                                  ;
; P_SEG_OUT_E    ; 10011111 ; Unsigned Binary                                                  ;
; P_SEG_OUT_M    ; 00000010 ; Unsigned Binary                                                  ;
; P_SEG_NON      ; 00000000 ; Unsigned Binary                                                  ;
+----------------+----------+------------------------------------------------------------------+
Note: In order to hide this table in the UI and the text report file, please set the "Show Parameter Settings in Synthesis Report" option in "Analysis and Synthesis Settings -> More Settings" to "Off".


+----------------------------------------------------------------------------------------------+
; Parameter Settings for User Entity Instance: controller:controller_ins|seg_convert:segment_e ;
+----------------+----------+------------------------------------------------------------------+
; Parameter Name ; Value    ; Type                                                             ;
+----------------+----------+------------------------------------------------------------------+
; P_SEG_OUT_0    ; 11111100 ; Unsigned Binary                                                  ;
; P_SEG_OUT_1    ; 01100000 ; Unsigned Binary                                                  ;
; P_SEG_OUT_2    ; 11011010 ; Unsigned Binary                                                  ;
; P_SEG_OUT_3    ; 11110010 ; Unsigned Binary                                                  ;
; P_SEG_OUT_4    ; 01100110 ; Unsigned Binary                                                  ;
; P_SEG_OUT_5    ; 10110110 ; Unsigned Binary                                                  ;
; P_SEG_OUT_6    ; 10111110 ; Unsigned Binary                                                  ;
; P_SEG_OUT_7    ; 11100000 ; Unsigned Binary                                                  ;
; P_SEG_OUT_8    ; 11111110 ; Unsigned Binary                                                  ;
; P_SEG_OUT_9    ; 11110110 ; Unsigned Binary                                                  ;
; P_SEG_OUT_E    ; 10011111 ; Unsigned Binary                                                  ;
; P_SEG_OUT_M    ; 00000010 ; Unsigned Binary                                                  ;
; P_SEG_NON      ; 00000000 ; Unsigned Binary                                                  ;
+----------------+----------+------------------------------------------------------------------+
Note: In order to hide this table in the UI and the text report file, please set the "Show Parameter Settings in Synthesis Report" option in "Analysis and Synthesis Settings -> More Settings" to "Off".


+------------------------------------------------------------------------------------------------+
; Parameter Settings for User Entity Instance: controller:controller_ins|seg_convert_2:segment_g ;
+----------------+----------+--------------------------------------------------------------------+
; Parameter Name ; Value    ; Type                                                               ;
+----------------+----------+--------------------------------------------------------------------+
; P_SEG_OUT_0    ; 11111100 ; Unsigned Binary                                                    ;
; P_SEG_OUT_1    ; 01100000 ; Unsigned Binary                                                    ;
; P_SEG_OUT_2    ; 11011010 ; Unsigned Binary                                                    ;
; P_SEG_OUT_3    ; 11110010 ; Unsigned Binary                                                    ;
; P_SEG_OUT_4    ; 01100110 ; Unsigned Binary                                                    ;
; P_SEG_OUT_5    ; 10110110 ; Unsigned Binary                                                    ;
; P_SEG_OUT_6    ; 10111110 ; Unsigned Binary                                                    ;
; P_SEG_OUT_7    ; 11100000 ; Unsigned Binary                                                    ;
; P_SEG_OUT_8    ; 11111110 ; Unsigned Binary                                                    ;
; P_SEG_OUT_9    ; 11110110 ; Unsigned Binary                                                    ;
; P_SEG_OUT_E    ; 10011111 ; Unsigned Binary                                                    ;
; P_SEG_OUT_M    ; 00000010 ; Unsigned Binary                                                    ;
; P_SEG_NON      ; 00000000 ; Unsigned Binary                                                    ;
+----------------+----------+--------------------------------------------------------------------+
Note: In order to hide this table in the UI and the text report file, please set the "Show Parameter Settings in Synthesis Report" option in "Analysis and Synthesis Settings -> More Settings" to "Off".


+----------------------------------------------------------------------------------------------+
; Parameter Settings for User Entity Instance: controller:controller_ins|seg_convert:segment_h ;
+----------------+----------+------------------------------------------------------------------+
; Parameter Name ; Value    ; Type                                                             ;
+----------------+----------+------------------------------------------------------------------+
; P_SEG_OUT_0    ; 11111100 ; Unsigned Binary                                                  ;
; P_SEG_OUT_1    ; 01100000 ; Unsigned Binary                                                  ;
; P_SEG_OUT_2    ; 11011010 ; Unsigned Binary                                                  ;
; P_SEG_OUT_3    ; 11110010 ; Unsigned Binary                                                  ;
; P_SEG_OUT_4    ; 01100110 ; Unsigned Binary                                                  ;
; P_SEG_OUT_5    ; 10110110 ; Unsigned Binary                                                  ;
; P_SEG_OUT_6    ; 10111110 ; Unsigned Binary                                                  ;
; P_SEG_OUT_7    ; 11100000 ; Unsigned Binary                                                  ;
; P_SEG_OUT_8    ; 11111110 ; Unsigned Binary                                                  ;
; P_SEG_OUT_9    ; 11110110 ; Unsigned Binary                                                  ;
; P_SEG_OUT_E    ; 10011111 ; Unsigned Binary                                                  ;
; P_SEG_OUT_M    ; 00000010 ; Unsigned Binary                                                  ;
; P_SEG_NON      ; 00000000 ; Unsigned Binary                                                  ;
+----------------+----------+------------------------------------------------------------------+
Note: In order to hide this table in the UI and the text report file, please set the "Show Parameter Settings in Synthesis Report" option in "Analysis and Synthesis Settings -> More Settings" to "Off".


+--------------------------------------------------------------------------------------------------+
; Parameter Settings for User Entity Instance: controller:controller_ins|controller_2:controller_2 ;
+----------------+-------+-------------------------------------------------------------------------+
; Parameter Name ; Value ; Type                                                                    ;
+----------------+-------+-------------------------------------------------------------------------+
; P_IDLE         ; 0     ; Signed Integer                                                          ;
; P_STEP_1       ; 1     ; Signed Integer                                                          ;
; P_SUM_1        ; 2     ; Signed Integer                                                          ;
; P_SUM_2        ; 3     ; Signed Integer                                                          ;
; P_SUB_1        ; 4     ; Signed Integer                                                          ;
; P_SUB_2        ; 5     ; Signed Integer                                                          ;
; P_SUM_FINISH   ; 6     ; Signed Integer                                                          ;
; P_SUB_FINISH   ; 7     ; Signed Integer                                                          ;
+----------------+-------+-------------------------------------------------------------------------+
Note: In order to hide this table in the UI and the text report file, please set the "Show Parameter Settings in Synthesis Report" option in "Analysis and Synthesis Settings -> More Settings" to "Off".


+----------------------------------------------------------------------------------------------------------+
; Parameter Settings for User Entity Instance: controller:controller_ins|dynamic_display:dynamic_display_A ;
+----------------+------------------------------+----------------------------------------------------------+
; Parameter Name ; Value                        ; Type                                                     ;
+----------------+------------------------------+----------------------------------------------------------+
; DEF_COUNT      ; 0000000000000011000000000000 ; Unsigned Binary                                          ;
+----------------+------------------------------+----------------------------------------------------------+
Note: In order to hide this table in the UI and the text report file, please set the "Show Parameter Settings in Synthesis Report" option in "Analysis and Synthesis Settings -> More Settings" to "Off".


+----------------------------------------------------------------------------------------------------------+
; Parameter Settings for User Entity Instance: controller:controller_ins|dynamic_display:dynamic_display_B ;
+----------------+------------------------------+----------------------------------------------------------+
; Parameter Name ; Value                        ; Type                                                     ;
+----------------+------------------------------+----------------------------------------------------------+
; DEF_COUNT      ; 0000000000000011000000000000 ; Unsigned Binary                                          ;
+----------------+------------------------------+----------------------------------------------------------+
Note: In order to hide this table in the UI and the text report file, please set the "Show Parameter Settings in Synthesis Report" option in "Analysis and Synthesis Settings -> More Settings" to "Off".


+----------------------------------------------------------------------------------------------------------------+
; Port Connectivity Checks: "sub:sub_ins|halfadder:HA9"                                                          ;
+------+--------+----------+-------------------------------------------------------------------------------------+
; Port ; Type   ; Severity ; Details                                                                             ;
+------+--------+----------+-------------------------------------------------------------------------------------+
; CO   ; Output ; Info     ; Connected to dangling logic. Logic that only feeds a dangling port will be removed. ;
+------+--------+----------+-------------------------------------------------------------------------------------+


+----------------------------------------------------------------------------------------------------------------+
; Port Connectivity Checks: "sub:sub_ins|halfadder:HA6"                                                          ;
+------+--------+----------+-------------------------------------------------------------------------------------+
; Port ; Type   ; Severity ; Details                                                                             ;
+------+--------+----------+-------------------------------------------------------------------------------------+
; B    ; Input  ; Info     ; Stuck at VCC                                                                        ;
; CO   ; Output ; Info     ; Connected to dangling logic. Logic that only feeds a dangling port will be removed. ;
+------+--------+----------+-------------------------------------------------------------------------------------+


+-------------------------------------------------------+
; Port Connectivity Checks: "sub:sub_ins|halfadder:HA5" ;
+------+-------+----------+-----------------------------+
; Port ; Type  ; Severity ; Details                     ;
+------+-------+----------+-----------------------------+
; B    ; Input ; Info     ; Stuck at VCC                ;
+------+-------+----------+-----------------------------+


+-------------------------------------------------------+
; Port Connectivity Checks: "sub:sub_ins|halfadder:HA1" ;
+------+-------+----------+-----------------------------+
; Port ; Type  ; Severity ; Details                     ;
+------+-------+----------+-----------------------------+
; A    ; Input ; Info     ; Stuck at VCC                ;
+------+-------+----------+-----------------------------+


+-----------------------------------------------------------------------------------------+
; Port Connectivity Checks: "controller:controller_ins|dynamic_display:dynamic_display_B" ;
+-------+-------+----------+--------------------------------------------------------------+
; Port  ; Type  ; Severity ; Details                                                      ;
+-------+-------+----------+--------------------------------------------------------------+
; SEG_1 ; Input ; Info     ; Stuck at GND                                                 ;
+-------+-------+----------+--------------------------------------------------------------+


+-----------------------------------------------------------------------------------------+
; Port Connectivity Checks: "controller:controller_ins|dynamic_display:dynamic_display_A" ;
+-------+-------+----------+--------------------------------------------------------------+
; Port  ; Type  ; Severity ; Details                                                      ;
+-------+-------+----------+--------------------------------------------------------------+
; SEG_0 ; Input ; Info     ; Stuck at GND                                                 ;
; SEG_1 ; Input ; Info     ; Stuck at GND                                                 ;
; SEG_3 ; Input ; Info     ; Stuck at GND                                                 ;
+-------+-------+----------+--------------------------------------------------------------+


+----------------------------------------------------------------------------------------------------------------+
; Port Connectivity Checks: "controller:controller_ins|devide:devide_bcd|halfadder:HA5"                          ;
+------+--------+----------+-------------------------------------------------------------------------------------+
; Port ; Type   ; Severity ; Details                                                                             ;
+------+--------+----------+-------------------------------------------------------------------------------------+
; CO   ; Output ; Info     ; Connected to dangling logic. Logic that only feeds a dangling port will be removed. ;
+------+--------+----------+-------------------------------------------------------------------------------------+


+----------------------------------------------------------------------------------------------------------------+
; Port Connectivity Checks: "controller:controller_ins|devide:devide_bcd|halfadder:HA3"                          ;
+------+--------+----------+-------------------------------------------------------------------------------------+
; Port ; Type   ; Severity ; Details                                                                             ;
+------+--------+----------+-------------------------------------------------------------------------------------+
; CO   ; Output ; Info     ; Connected to dangling logic. Logic that only feeds a dangling port will be removed. ;
+------+--------+----------+-------------------------------------------------------------------------------------+


+-----------------------------------------------------+
; Post-Synthesis Netlist Statistics for Top Partition ;
+-----------------------+-----------------------------+
; Type                  ; Count                       ;
+-----------------------+-----------------------------+
; boundary_port         ; 40                          ;
; cycloneiii_ff         ; 117                         ;
;     CLR               ; 70                          ;
;     CLR SCLR          ; 28                          ;
;     CLR SCLR SLD      ; 7                           ;
;     ENA CLR           ; 12                          ;
; cycloneiii_lcell_comb ; 196                         ;
;     arith             ; 27                          ;
;         2 data inputs ; 27                          ;
;     normal            ; 169                         ;
;         1 data inputs ; 20                          ;
;         2 data inputs ; 39                          ;
;         3 data inputs ; 18                          ;
;         4 data inputs ; 92                          ;
;                       ;                             ;
; Max LUT depth         ; 6.00                        ;
; Average LUT depth     ; 2.93                        ;
+-----------------------+-----------------------------+


+-------------------------------+
; Elapsed Time Per Partition    ;
+----------------+--------------+
; Partition Name ; Elapsed Time ;
+----------------+--------------+
; Top            ; 00:00:00     ;
+----------------+--------------+


+-------------------------------+
; Analysis & Synthesis Messages ;
+-------------------------------+
Info: *******************************************************************
Info: Running Quartus Prime Analysis & Synthesis
    Info: Version 19.1.0 Build 670 09/22/2019 SJ Lite Edition
    Info: Processing started: Wed Nov 23 16:53:02 2022
Info: Command: quartus_map --read_settings_files=on --write_settings_files=off calc_one_top -c calc_one_top
Warning (18236): Number of processors has not been specified which may cause overloading on shared machines.  Set the global assignment NUM_PARALLEL_PROCESSORS in your QSF to an appropriate value for best performance.
Info (20030): Parallel compilation is enabled and will use 6 of the 6 processors detected
Info (12021): Found 1 design units, including 1 entities, in source file /jikken-root/work/src/calc/sub.v
    Info (12023): Found entity 1: sub File: E:/jikken-root/work/src/calc/sub.v Line: 1
Info (12021): Found 1 design units, including 1 entities, in source file /jikken-root/work/src/calc/halfadder.v
    Info (12023): Found entity 1: halfadder File: E:/jikken-root/work/src/calc/halfadder.v Line: 1
Info (12021): Found 1 design units, including 1 entities, in source file /jikken-root/work/src/calc/fulladder.v
    Info (12023): Found entity 1: fulladder File: E:/jikken-root/work/src/calc/fulladder.v Line: 1
Info (12021): Found 9 design units, including 9 entities, in source file /jikken-root/work/src/calc/controller_q2.v
    Info (12023): Found entity 1: controller File: E:/jikken-root/work/src/calc/controller_q2.v Line: 10
    Info (12023): Found entity 2: syncro File: E:/jikken-root/work/src/calc/controller_q2.v Line: 220
    Info (12023): Found entity 3: decord File: E:/jikken-root/work/src/calc/controller_q2.v Line: 270
    Info (12023): Found entity 4: register File: E:/jikken-root/work/src/calc/controller_q2.v Line: 352
    Info (12023): Found entity 5: devide File: E:/jikken-root/work/src/calc/controller_q2.v Line: 402
    Info (12023): Found entity 6: seg_convert File: E:/jikken-root/work/src/calc/controller_q2.v Line: 498
    Info (12023): Found entity 7: seg_convert_2 File: E:/jikken-root/work/src/calc/controller_q2.v Line: 566
    Info (12023): Found entity 8: controller_2 File: E:/jikken-root/work/src/calc/controller_q2.v Line: 634
    Info (12023): Found entity 9: dynamic_display File: E:/jikken-root/work/src/calc/controller_q2.v Line: 959
Info (12021): Found 1 design units, including 1 entities, in source file /jikken-root/work/src/calc/calc_one_top.v
    Info (12023): Found entity 1: calc_one_top File: E:/jikken-root/work/src/calc/calc_one_top.v Line: 1
Info (12021): Found 1 design units, including 1 entities, in source file /jikken-root/work/src/calc/add.v
    Info (12023): Found entity 1: add File: E:/jikken-root/work/src/calc/add.v Line: 1
Info (12127): Elaborating entity "calc_one_top" for the top level hierarchy
Info (12128): Elaborating entity "controller" for hierarchy "controller:controller_ins" File: E:/jikken-root/work/src/calc/calc_one_top.v Line: 15
Info (12128): Elaborating entity "syncro" for hierarchy "controller:controller_ins|syncro:syncro" File: E:/jikken-root/work/src/calc/controller_q2.v Line: 84
Info (12128): Elaborating entity "decord" for hierarchy "controller:controller_ins|decord:decord" File: E:/jikken-root/work/src/calc/controller_q2.v Line: 89
Info (12128): Elaborating entity "register" for hierarchy "controller:controller_ins|register:register_a" File: E:/jikken-root/work/src/calc/controller_q2.v Line: 96
Info (12128): Elaborating entity "devide" for hierarchy "controller:controller_ins|devide:devide_bcd" File: E:/jikken-root/work/src/calc/controller_q2.v Line: 110
Info (12128): Elaborating entity "halfadder" for hierarchy "controller:controller_ins|devide:devide_bcd|halfadder:HA0" File: E:/jikken-root/work/src/calc/controller_q2.v Line: 442
Info (12128): Elaborating entity "fulladder" for hierarchy "controller:controller_ins|devide:devide_bcd|fulladder:FA0" File: E:/jikken-root/work/src/calc/controller_q2.v Line: 448
Info (12128): Elaborating entity "seg_convert" for hierarchy "controller:controller_ins|seg_convert:segment_c" File: E:/jikken-root/work/src/calc/controller_q2.v Line: 115
Info (12128): Elaborating entity "seg_convert_2" for hierarchy "controller:controller_ins|seg_convert_2:segment_g" File: E:/jikken-root/work/src/calc/controller_q2.v Line: 125
Info (12128): Elaborating entity "controller_2" for hierarchy "controller:controller_ins|controller_2:controller_2" File: E:/jikken-root/work/src/calc/controller_q2.v Line: 144
Info (12128): Elaborating entity "dynamic_display" for hierarchy "controller:controller_ins|dynamic_display:dynamic_display_A" File: E:/jikken-root/work/src/calc/controller_q2.v Line: 158
Info (10264): Verilog HDL Case Statement information at controller_q2.v(1042): all case item expressions in this case statement are onehot File: E:/jikken-root/work/src/calc/controller_q2.v Line: 1042
Info (12128): Elaborating entity "add" for hierarchy "add:add_ins" File: E:/jikken-root/work/src/calc/calc_one_top.v Line: 16
Info (12128): Elaborating entity "sub" for hierarchy "sub:sub_ins" File: E:/jikken-root/work/src/calc/calc_one_top.v Line: 17
Info (13000): Registers with preset signals will power-up high File: E:/jikken-root/work/src/calc/controller_q2.v Line: 1026
Info (13003): DEV_CLRn pin will set, and not reset, register with preset signal due to NOT Gate Push-Back
Info (286030): Timing-Driven Synthesis is running
Info (17049): 3 registers lost all their fanouts during netlist optimizations.
Info (16010): Generating hard_block partition "hard_block:auto_generated_inst"
    Info (16011): Adding 0 node(s), including 0 DDIO, 0 PLL, 0 transceiver and 0 LCELL
Info (21057): Implemented 274 device resources after synthesis - the final resource count might be different
    Info (21058): Implemented 16 input pins
    Info (21059): Implemented 24 output pins
    Info (21061): Implemented 234 logic cells
Info: Quartus Prime Analysis & Synthesis was successful. 0 errors, 1 warning
    Info: Peak virtual memory: 4782 megabytes
    Info: Processing ended: Wed Nov 23 16:53:09 2022
    Info: Elapsed time: 00:00:07
    Info: Total CPU time (on all processors): 00:00:15


